2025-08-27T12:03:58: 
2025-08-27T12:03:58: > @skanos/web@0.1.0 start
2025-08-27T12:03:58: > next start
2025-08-27T12:03:58: 
2025-08-27T12:03:58:   ▲ Next.js 15.0.0
2025-08-27T12:03:58:   - Local:        http://localhost:3010
2025-08-27T12:03:58: 
2025-08-27T12:03:58:  ✓ Starting...
2025-08-27T12:03:58:  ⚠ Invalid next.config.js options detected: 
2025-08-27T12:03:58:  ⚠     Unrecognized key(s) in object: 'swcMinify'
2025-08-27T12:03:58:  ⚠ See more info here: https://nextjs.org/docs/messages/invalid-next-config
2025-08-27T12:03:58:  ✓ Ready in 335ms
2025-08-27T12:30:43: 
2025-08-27T12:30:43: > @skanos/web@0.1.0 start
2025-08-27T12:30:43: > next start
2025-08-27T12:30:43: 
2025-08-27T12:30:43:   ▲ Next.js 15.0.0
2025-08-27T12:30:43:   - Local:        http://localhost:3010
2025-08-27T12:30:43: 
2025-08-27T12:30:43:  ✓ Starting...
2025-08-27T12:30:44:  ⚠ Invalid next.config.js options detected: 
2025-08-27T12:30:44:  ⚠     Unrecognized key(s) in object: 'swcMinify'
2025-08-27T12:30:44:  ⚠ See more info here: https://nextjs.org/docs/messages/invalid-next-config
2025-08-27T12:30:44:  ✓ Ready in 369ms
2025-08-27T13:18:39: 
2025-08-27T13:18:39: > @skanos/web@0.1.0 start
2025-08-27T13:18:39: > next start
2025-08-27T13:18:39: 
2025-08-27T13:18:40:   ▲ Next.js 15.0.0
2025-08-27T13:18:40:   - Local:        http://localhost:3010
2025-08-27T13:18:40: 
2025-08-27T13:18:40:  ✓ Starting...
2025-08-27T13:18:40:  ⚠ Invalid next.config.js options detected: 
2025-08-27T13:18:40:  ⚠     Unrecognized key(s) in object: 'swcMinify'
2025-08-27T13:18:40:  ⚠ See more info here: https://nextjs.org/docs/messages/invalid-next-config
2025-08-27T13:18:40:  ✓ Ready in 561ms
2025-08-27T13:49:06: 
2025-08-27T13:49:06: > @skanos/web@0.1.0 start
2025-08-27T13:49:06: > next start
2025-08-27T13:49:06: 
2025-08-27T13:49:06:   ▲ Next.js 15.0.0
2025-08-27T13:49:06:   - Local:        http://localhost:3010
2025-08-27T13:49:06: 
2025-08-27T13:49:06:  ✓ Starting...
2025-08-27T13:49:06:  ⚠ Invalid next.config.js options detected: 
2025-08-27T13:49:06:  ⚠     Unrecognized key(s) in object: 'swcMinify'
2025-08-27T13:49:06:  ⚠ See more info here: https://nextjs.org/docs/messages/invalid-next-config
2025-08-27T13:49:06:  ✓ Ready in 418ms
2025-08-27T14:03:13: 
2025-08-27T14:03:13: > @skanos/web@0.1.0 start
2025-08-27T14:03:13: > next start
2025-08-27T14:03:13: 
2025-08-27T14:03:13:   ▲ Next.js 15.0.0
2025-08-27T14:03:13:   - Local:        http://localhost:3010
2025-08-27T14:03:13: 
2025-08-27T14:03:13:  ✓ Starting...
2025-08-27T14:03:13:  ⚠ Invalid next.config.js options detected: 
2025-08-27T14:03:13:  ⚠     Unrecognized key(s) in object: 'swcMinify'
2025-08-27T14:03:13:  ⚠ See more info here: https://nextjs.org/docs/messages/invalid-next-config
2025-08-27T14:03:13:  ✓ Ready in 346ms
2025-08-27T14:04:09: 
2025-08-27T14:04:09: > @skanos/web@0.1.0 start
2025-08-27T14:04:09: > next start
2025-08-27T14:04:09: 
2025-08-27T14:04:09:   ▲ Next.js 15.0.0
2025-08-27T14:04:09:   - Local:        http://localhost:3010
2025-08-27T14:04:09: 
2025-08-27T14:04:09:  ✓ Starting...
2025-08-27T14:04:09:  ⚠ Invalid next.config.js options detected: 
2025-08-27T14:04:09:  ⚠     Unrecognized key(s) in object: 'swcMinify'
2025-08-27T14:04:09:  ⚠ See more info here: https://nextjs.org/docs/messages/invalid-next-config
2025-08-27T14:04:09:  ✓ Ready in 364ms
2025-08-27T14:07:33: 
2025-08-27T14:07:33: > @skanos/web@0.1.0 start
2025-08-27T14:07:33: > next start
2025-08-27T14:07:33: 
2025-08-27T14:07:33:   ▲ Next.js 15.0.0
2025-08-27T14:07:33:   - Local:        http://localhost:3010
2025-08-27T14:07:33: 
2025-08-27T14:07:33:  ✓ Starting...
2025-08-27T14:07:33:  ⚠ Invalid next.config.js options detected: 
2025-08-27T14:07:33:  ⚠     Unrecognized key(s) in object: 'swcMinify'
2025-08-27T14:07:33:  ⚠ See more info here: https://nextjs.org/docs/messages/invalid-next-config
2025-08-27T14:07:33:  ✓ Ready in 394ms
